Using pre-set license
Built from '2020.3/staging' branch; Version is '2020.3.19f1 (68f137dc9bbe) revision 6877495'; Using compiler version '192528614'; Build Type 'Release'
OS: 'Windows 10 Home; OS build 19044.1526; Version 2009; 64bit' Language: 'en' Physical Memory: 15789 MB
BatchMode: 1, IsHumanControllingUs: 0, StartBugReporterOnCrash: 0, Is64bit: 1, IsPro: 0

COMMAND LINE ARGUMENTS:
C:\Program Files\Unity\Hub\Editor\2020.3.19f1\Editor\Unity.exe
-adb2
-batchMode
-noUpm
-name
AssetImportWorker0
-projectPath
C:/Users/sweet/Documents/GitHub/MART-220/Week 12/MART 220 Week 12
-logFile
Logs/AssetImportWorker0.log
-srvPort
62017
Successfully changed project path to: C:/Users/sweet/Documents/GitHub/MART-220/Week 12/MART 220 Week 12
C:/Users/sweet/Documents/GitHub/MART-220/Week 12/MART 220 Week 12
Using Asset Import Pipeline V2.
Refreshing native plugins compatible for Editor in 94.68 ms, found 3 plugins.
Preloading 0 native plugins for Editor in 0.00 ms.
Initialize engine version: 2020.3.19f1 (68f137dc9bbe)
[Subsystems] Discovering subsystems at path C:/Program Files/Unity/Hub/Editor/2020.3.19f1/Editor/Data/Resources/UnitySubsystems
[Subsystems] Discovering subsystems at path C:/Users/sweet/Documents/GitHub/MART-220/Week 12/MART 220 Week 12/Assets
GfxDevice: creating device client; threaded=0
Direct3D:
    Version:  Direct3D 11.0 [level 11.1]
    Renderer: NVIDIA GeForce GTX 1660 Ti with Max-Q Design (ID=0x2191)
    Vendor:   
    VRAM:     5991 MB
    Driver:   30.0.14.9649
Initialize mono
Mono path[0] = 'C:/Program Files/Unity/Hub/Editor/2020.3.19f1/Editor/Data/Managed'
Mono path[1] = 'C:/Program Files/Unity/Hub/Editor/2020.3.19f1/Editor/Data/MonoBleedingEdge/lib/mono/unityjit'
Mono config path = 'C:/Program Files/Unity/Hub/Editor/2020.3.19f1/Editor/Data/MonoBleedingEdge/etc'
Using monoOptions --debugger-agent=transport=dt_socket,embedding=1,server=y,suspend=n,address=127.0.0.1:56028
Begin MonoManager ReloadAssembly
Registering precompiled unity dll's ...
Register platform support module: C:/Program Files/Unity/Hub/Editor/2020.3.19f1/Editor/Data/PlaybackEngines/WebGLSupport/UnityEditor.WebGL.Extensions.dll
Register platform support module: C:/Program Files/Unity/Hub/Editor/2020.3.19f1/Editor/Data/PlaybackEngines/WindowsStandaloneSupport/UnityEditor.WindowsStandalone.Extensions.dll
Registered in 0.003516 seconds.
Native extension for WindowsStandalone target not found
Native extension for WebGL target not found
Refreshing native plugins compatible for Editor in 86.60 ms, found 3 plugins.
Preloading 0 native plugins for Editor in 0.00 ms.
Mono: successfully reloaded assembly
- Completed reload, in  1.642 seconds
Domain Reload Profiling:
	ReloadAssembly (1642ms)
		BeginReloadAssembly (70ms)
			ExecutionOrderSort (0ms)
			DisableScriptedObjects (0ms)
			BackupInstance (0ms)
			ReleaseScriptingObjects (0ms)
			CreateAndSetChildDomain (1ms)
		EndReloadAssembly (609ms)
			LoadAssemblies (68ms)
			RebuildTransferFunctionScriptingTraits (0ms)
			SetupTypeCache (210ms)
			ReleaseScriptCaches (0ms)
			RebuildScriptCaches (40ms)
			SetupLoadedEditorAssemblies (261ms)
				LogAssemblyErrors (0ms)
				InitializePlatformSupportModulesInManaged (7ms)
				SetLoadedEditorAssemblies (0ms)
				RefreshPlugins (87ms)
				BeforeProcessingInitializeOnLoad (23ms)
				ProcessInitializeOnLoadAttributes (103ms)
				ProcessInitializeOnLoadMethodAttributes (40ms)
				AfterProcessingInitializeOnLoad (0ms)
				EditorAssembliesLoaded (0ms)
			ExecutionOrderSort2 (0ms)
			AwakeInstancesAfterBackupRestoration (0ms)
Platform modules already initialized, skipping
Registering precompiled user dll's ...
Registered in 0.011174 seconds.
Begin MonoManager ReloadAssembly
Native extension for WindowsStandalone target not found
Native extension for WebGL target not found
Refreshing native plugins compatible for Editor in 84.77 ms, found 3 plugins.
Preloading 0 native plugins for Editor in 0.00 ms.
Can't find custom attr constructor image: C:\Users\sweet\Documents\GitHub\MART-220\Week 12\MART 220 Week 12\Library\PackageCache\com.unity.ads@3.4.4\Editor\UnityEditor.Advertisements.dll mtoken: 0x0a00000f due to:  assembly:C:\Program Files\Unity\Hub\Editor\2020.3.19f1\Editor\Data\Managed\UnityEngine\UnityEngine.CoreModule.dll type:UnityAPICompatibilityVersionAttribute member:void {0}(string,string[]) signature:.ctor
Mono: successfully reloaded assembly
- Completed reload, in  1.658 seconds
Domain Reload Profiling:
	ReloadAssembly (1660ms)
		BeginReloadAssembly (207ms)
			ExecutionOrderSort (0ms)
			DisableScriptedObjects (6ms)
			BackupInstance (0ms)
			ReleaseScriptingObjects (0ms)
			CreateAndSetChildDomain (26ms)
		EndReloadAssembly (1357ms)
			LoadAssemblies (143ms)
			RebuildTransferFunctionScriptingTraits (0ms)
			SetupTypeCache (445ms)
			ReleaseScriptCaches (1ms)
			RebuildScriptCaches (74ms)
			SetupLoadedEditorAssemblies (524ms)
				LogAssemblyErrors (0ms)
				InitializePlatformSupportModulesInManaged (8ms)
				SetLoadedEditorAssemblies (0ms)
				RefreshPlugins (85ms)
				BeforeProcessingInitializeOnLoad (129ms)
				ProcessInitializeOnLoadAttributes (275ms)
				ProcessInitializeOnLoadMethodAttributes (18ms)
				AfterProcessingInitializeOnLoad (9ms)
				EditorAssembliesLoaded (0ms)
			ExecutionOrderSort2 (0ms)
			AwakeInstancesAfterBackupRestoration (8ms)
Platform modules already initialized, skipping
========================================================================
Worker process is ready to serve import requests
Launched and connected shader compiler UnityShaderCompiler.exe after 0.08 seconds
Refreshing native plugins compatible for Editor in 0.98 ms, found 3 plugins.
Preloading 0 native plugins for Editor in 0.00 ms.
Unloading 2487 Unused Serialized files (Serialized files now loaded: 0)
System memory in use before: 104.8 MB.
System memory in use after: 104.9 MB.

Unloading 52 unused Assets to reduce memory usage. Loaded Objects now: 2904.
Total: 5.769900 ms (FindLiveObjects: 0.439100 ms CreateObjectMapping: 0.178800 ms MarkObjects: 5.042900 ms  DeleteObjects: 0.106800 ms)

AssetImportParameters requested are different than current active one (requested -> active):
  custom:framework-win-MediaFoundation: 216162199b28c13a410421893ffa2e32 -> 
  custom:video-decoder-ogg-theora: a1e56fd34408186e4bbccfd4996cb3dc -> 
  custom:container-muxer-webm: aa71ff27fc2769a1b78a27578f13a17b -> 
  custom:container-demuxer-webm: 4f35f7cbe854078d1ac9338744f61a02 -> 
  custom:container-demuxer-ogg: 62fdf1f143b41e24485cea50d1cbac27 -> 
  custom:video-encoder-webm-vp8: eb34c28f22e8b96e1ab97ce403110664 -> 
  custom:video-codec-MediaFoundation-h265: 746d11721c4dcdbdad8f713fa42b33f4 -> 
  custom:video-decoder-webm-vp8: 9c59270c3fd7afecdb556c50c9e8de78 -> 
  custom:audio-decoder-ogg-vorbis: bf7c407c2cedff20999df2af8eb42d56 -> 
  custom:audio-encoder-webm-vorbis: bf7c407c2cedff20999df2af8eb42d56 -> 
========================================================================
Received Import Request.
  path: Assets/Images/Character/eyes/Eyes2.png
  artifactKey: Guid(9f474304c4e4f194085839bed2aba308) Importer(815301076,1909f56bfc062723c751e8b465ee728b)
Start importing Assets/Images/Character/eyes/Eyes2.png using Guid(9f474304c4e4f194085839bed2aba308) Importer(815301076,1909f56bfc062723c751e8b465ee728b)  -> (artifact id: '350561b20f59c557f919329d54278780') in 0.199317 seconds 
  Import took 0.205598 seconds .

========================================================================
Received Import Request.
  Time since last request: 0.000408 seconds.
  path: Assets/Images/Projectiles/EnergySphere.png
  artifactKey: Guid(b693c52132cc261459f795e79799326b) Importer(815301076,1909f56bfc062723c751e8b465ee728b)
Start importing Assets/Images/Projectiles/EnergySphere.png using Guid(b693c52132cc261459f795e79799326b) Importer(815301076,1909f56bfc062723c751e8b465ee728b)  -> (artifact id: 'f9fda70cbdec2f6b252e42d07a52b702') in 0.026557 seconds 
  Import took 0.032380 seconds .

========================================================================
Received Import Request.
  Time since last request: 0.000333 seconds.
  path: Assets/Images/Character/eyes/Eyes1.png
  artifactKey: Guid(21940121e51c91c49b0fd1a836752bac) Importer(815301076,1909f56bfc062723c751e8b465ee728b)
Start importing Assets/Images/Character/eyes/Eyes1.png using Guid(21940121e51c91c49b0fd1a836752bac) Importer(815301076,1909f56bfc062723c751e8b465ee728b)  -> (artifact id: 'f50df3f32630edc3c10c8636e35690f6') in 0.024248 seconds 
  Import took 0.029736 seconds .

========================================================================
Received Import Request.
  Time since last request: 0.000371 seconds.
  path: Assets/Images/Character/eyes/Eyes3.png
  artifactKey: Guid(51524603a22163945a130a1a53b02649) Importer(815301076,1909f56bfc062723c751e8b465ee728b)
Start importing Assets/Images/Character/eyes/Eyes3.png using Guid(51524603a22163945a130a1a53b02649) Importer(815301076,1909f56bfc062723c751e8b465ee728b)  -> (artifact id: '547f97cb551aec8b182d42e66d08fb7a') in 0.031024 seconds 
  Import took 0.036710 seconds .

========================================================================
Received Import Request.
  Time since last request: 4.891868 seconds.
  path: Assets/Images/GameElements
  artifactKey: Guid(240bf88f01f07b8489934d56b345cb2f) Importer(815301076,1909f56bfc062723c751e8b465ee728b)
Start importing Assets/Images/GameElements using Guid(240bf88f01f07b8489934d56b345cb2f) Importer(815301076,1909f56bfc062723c751e8b465ee728b)  -> (artifact id: '85f4641e64130fcc88b582ca31ce0fd5') in 0.010112 seconds 
  Import took 0.015302 seconds .

========================================================================
Received Import Request.
  Time since last request: 12.616687 seconds.
  path: Assets/Images/Character/eyes/Eyes4.png
  artifactKey: Guid(6c31f9542d82cb241abd36e8dc1747d3) Importer(815301076,1909f56bfc062723c751e8b465ee728b)
Start importing Assets/Images/Character/eyes/Eyes4.png using Guid(6c31f9542d82cb241abd36e8dc1747d3) Importer(815301076,1909f56bfc062723c751e8b465ee728b)  -> (artifact id: '099caa1cc134b361bcc51902082c8ff5') in 0.029838 seconds 
  Import took 0.036532 seconds .

========================================================================
Received Import Request.
  Time since last request: 0.000340 seconds.
  path: Assets/Images/Character/eyes/Eyes5.png
  artifactKey: Guid(2e1c518f5d81814488cd78b6c3480ee4) Importer(815301076,1909f56bfc062723c751e8b465ee728b)
Start importing Assets/Images/Character/eyes/Eyes5.png using Guid(2e1c518f5d81814488cd78b6c3480ee4) Importer(815301076,1909f56bfc062723c751e8b465ee728b)  -> (artifact id: '8ef72cd4e5333de3b7c7982cf2beaf03') in 0.022401 seconds 
  Import took 0.027104 seconds .

========================================================================
Received Prepare
Registering precompiled user dll's ...
Registered in 0.011044 seconds.
Begin MonoManager ReloadAssembly
Native extension for WindowsStandalone target not found
Native extension for WebGL target not found
Refreshing native plugins compatible for Editor in 1.08 ms, found 3 plugins.
Preloading 0 native plugins for Editor in 0.00 ms.
Can't find custom attr constructor image: C:\Users\sweet\Documents\GitHub\MART-220\Week 12\MART 220 Week 12\Library\PackageCache\com.unity.ads@3.4.4\Editor\UnityEditor.Advertisements.dll mtoken: 0x0a00000f due to:  assembly:C:\Program Files\Unity\Hub\Editor\2020.3.19f1\Editor\Data\Managed\UnityEngine\UnityEngine.CoreModule.dll type:UnityAPICompatibilityVersionAttribute member:void {0}(string,string[]) signature:.ctor
Mono: successfully reloaded assembly
- Completed reload, in  1.451 seconds
Domain Reload Profiling:
	ReloadAssembly (1451ms)
		BeginReloadAssembly (156ms)
			ExecutionOrderSort (0ms)
			DisableScriptedObjects (8ms)
			BackupInstance (0ms)
			ReleaseScriptingObjects (0ms)
			CreateAndSetChildDomain (49ms)
		EndReloadAssembly (1203ms)
			LoadAssemblies (127ms)
			RebuildTransferFunctionScriptingTraits (0ms)
			SetupTypeCache (430ms)
			ReleaseScriptCaches (1ms)
			RebuildScriptCaches (62ms)
			SetupLoadedEditorAssemblies (432ms)
				LogAssemblyErrors (0ms)
				InitializePlatformSupportModulesInManaged (8ms)
				SetLoadedEditorAssemblies (1ms)
				RefreshPlugins (1ms)
				BeforeProcessingInitializeOnLoad (126ms)
				ProcessInitializeOnLoadAttributes (278ms)
				ProcessInitializeOnLoadMethodAttributes (7ms)
				AfterProcessingInitializeOnLoad (9ms)
				EditorAssembliesLoaded (0ms)
			ExecutionOrderSort2 (0ms)
			AwakeInstancesAfterBackupRestoration (14ms)
Platform modules already initialized, skipping
Refreshing native plugins compatible for Editor in 0.96 ms, found 3 plugins.
Preloading 0 native plugins for Editor in 0.00 ms.
Unloading 2476 Unused Serialized files (Serialized files now loaded: 0)
System memory in use before: 107.3 MB.
System memory in use after: 107.5 MB.

Unloading 40 unused Assets to reduce memory usage. Loaded Objects now: 2924.
Total: 5.247800 ms (FindLiveObjects: 0.425000 ms CreateObjectMapping: 0.184700 ms MarkObjects: 4.582100 ms  DeleteObjects: 0.052700 ms)

AssetImportParameters requested are different than current active one (requested -> active):
  custom:framework-win-MediaFoundation: 216162199b28c13a410421893ffa2e32 -> 
  custom:video-decoder-ogg-theora: a1e56fd34408186e4bbccfd4996cb3dc -> 
  custom:container-muxer-webm: aa71ff27fc2769a1b78a27578f13a17b -> 
  custom:container-demuxer-webm: 4f35f7cbe854078d1ac9338744f61a02 -> 
  custom:container-demuxer-ogg: 62fdf1f143b41e24485cea50d1cbac27 -> 
  custom:video-encoder-webm-vp8: eb34c28f22e8b96e1ab97ce403110664 -> 
  custom:video-codec-MediaFoundation-h265: 746d11721c4dcdbdad8f713fa42b33f4 -> 
  custom:video-decoder-webm-vp8: 9c59270c3fd7afecdb556c50c9e8de78 -> 
  custom:audio-decoder-ogg-vorbis: bf7c407c2cedff20999df2af8eb42d56 -> 
  custom:audio-encoder-webm-vorbis: bf7c407c2cedff20999df2af8eb42d56 -> 
========================================================================
Received Import Request.
  Time since last request: 232.497636 seconds.
  path: Assets/Prefabs/Coin.prefab
  artifactKey: Guid(8f125f2907966774d968880d439328ae) Importer(815301076,1909f56bfc062723c751e8b465ee728b)
Start importing Assets/Prefabs/Coin.prefab using Guid(8f125f2907966774d968880d439328ae) Importer(815301076,1909f56bfc062723c751e8b465ee728b)  -> (artifact id: 'fa2039bbedf0dd804b37de01b736740d') in 0.030192 seconds 
  Import took 0.035561 seconds .

========================================================================
Received Prepare
Registering precompiled user dll's ...
Registered in 0.011316 seconds.
Begin MonoManager ReloadAssembly
Native extension for WindowsStandalone target not found
Native extension for WebGL target not found
Refreshing native plugins compatible for Editor in 0.95 ms, found 3 plugins.
Preloading 0 native plugins for Editor in 0.00 ms.
Can't find custom attr constructor image: C:\Users\sweet\Documents\GitHub\MART-220\Week 12\MART 220 Week 12\Library\PackageCache\com.unity.ads@3.4.4\Editor\UnityEditor.Advertisements.dll mtoken: 0x0a00000f due to:  assembly:C:\Program Files\Unity\Hub\Editor\2020.3.19f1\Editor\Data\Managed\UnityEngine\UnityEngine.CoreModule.dll type:UnityAPICompatibilityVersionAttribute member:void {0}(string,string[]) signature:.ctor
Mono: successfully reloaded assembly
- Completed reload, in  1.453 seconds
Domain Reload Profiling:
	ReloadAssembly (1453ms)
		BeginReloadAssembly (158ms)
			ExecutionOrderSort (0ms)
			DisableScriptedObjects (9ms)
			BackupInstance (0ms)
			ReleaseScriptingObjects (0ms)
			CreateAndSetChildDomain (47ms)
		EndReloadAssembly (1202ms)
			LoadAssemblies (137ms)
			RebuildTransferFunctionScriptingTraits (0ms)
			SetupTypeCache (419ms)
			ReleaseScriptCaches (1ms)
			RebuildScriptCaches (62ms)
			SetupLoadedEditorAssemblies (425ms)
				LogAssemblyErrors (0ms)
				InitializePlatformSupportModulesInManaged (9ms)
				SetLoadedEditorAssemblies (1ms)
				RefreshPlugins (1ms)
				BeforeProcessingInitializeOnLoad (130ms)
				ProcessInitializeOnLoadAttributes (265ms)
				ProcessInitializeOnLoadMethodAttributes (9ms)
				AfterProcessingInitializeOnLoad (10ms)
				EditorAssembliesLoaded (0ms)
			ExecutionOrderSort2 (0ms)
			AwakeInstancesAfterBackupRestoration (15ms)
Platform modules already initialized, skipping
Refreshing native plugins compatible for Editor in 0.96 ms, found 3 plugins.
Preloading 0 native plugins for Editor in 0.00 ms.
Unloading 2476 Unused Serialized files (Serialized files now loaded: 0)
System memory in use before: 107.3 MB.
System memory in use after: 107.5 MB.

Unloading 40 unused Assets to reduce memory usage. Loaded Objects now: 2927.
Total: 4.663500 ms (FindLiveObjects: 0.297800 ms CreateObjectMapping: 0.096600 ms MarkObjects: 4.234100 ms  DeleteObjects: 0.033300 ms)

AssetImportParameters requested are different than current active one (requested -> active):
  custom:framework-win-MediaFoundation: 216162199b28c13a410421893ffa2e32 -> 
  custom:video-decoder-ogg-theora: a1e56fd34408186e4bbccfd4996cb3dc -> 
  custom:container-muxer-webm: aa71ff27fc2769a1b78a27578f13a17b -> 
  custom:container-demuxer-webm: 4f35f7cbe854078d1ac9338744f61a02 -> 
  custom:container-demuxer-ogg: 62fdf1f143b41e24485cea50d1cbac27 -> 
  custom:video-encoder-webm-vp8: eb34c28f22e8b96e1ab97ce403110664 -> 
  custom:video-codec-MediaFoundation-h265: 746d11721c4dcdbdad8f713fa42b33f4 -> 
  custom:video-decoder-webm-vp8: 9c59270c3fd7afecdb556c50c9e8de78 -> 
  custom:audio-decoder-ogg-vorbis: bf7c407c2cedff20999df2af8eb42d56 -> 
  custom:audio-encoder-webm-vorbis: bf7c407c2cedff20999df2af8eb42d56 -> 
AssetImportWorkerClient::OnTransportError - code=2 error=End of file
